<?xml version="1.0" encoding="UTF-8" ?>
<testsuite tests="6" failures="0" name="com.log.event.logger.AppTest" time="0.37" errors="2" skipped="0">
  <properties>
[...]
</properties>
  <testcase classname="com.log.event.logger.AppTest" name="testEventLogWithIncorrectSequence" time="0.343">
    <error type="java.lang.ExceptionInInitializerError">java.lang.ExceptionInInitializerError
	at com.log.event.logger.App.eventLogger(App.java:42)
	at com.log.event.logger.AppTest.testEventLogWithIncorrectSequence(AppTest.java:57)
Caused by: com.log.event.logger.exception.EventException: Failed to load hsqld JDBC driver
	at com.log.event.logger.EventsRepo.&lt;clinit&gt;(EventsRepo.java:43)
	... 30 more
</error>
    <system-out>Please enter the log file path	:	
</system-out>
    <system-err>Nov 10, 2021 4:57:05 PM com.log.event.logger.service.FileReadingService scanFile
INFO: file path : logs\logWithIncorrectOrder.txt
Nov 10, 2021 4:57:05 PM com.log.event.logger.service.FileReadingService scanFile
INFO: Scanning input file for events
Nov 10, 2021 4:57:06 PM com.log.event.logger.App eventLogger
INFO: [Event [id=grb, type=null, host=null, timeStamp=1491377495216, timeDifference=3, alert=false, state=FINISHED], Event [id=gra, type=APPLICATION_LOG, host=12345, timeStamp=1491377495225, timeDifference=13, alert=true, state=FINISHED], Event [id=grc, type=null, host=null, timeStamp=1491377495218, timeDifference=8, alert=true, state=FINISHED]]
Nov 10, 2021 4:57:06 PM com.log.event.logger.EventsRepo &lt;clinit&gt;
INFO: org.hsqldb.jdbc.JDBCDriver
</system-err>
  </testcase>
  <testcase classname="com.log.event.logger.AppTest" name="testApp" time="0"/>
  <testcase classname="com.log.event.logger.AppTest" name="testEventLogWithMissingID" time="0.009"/>
  <testcase classname="com.log.event.logger.AppTest" name="testEventLogWithCorrectSequence" time="0.007">
    <error message="Could not initialize class com.log.event.logger.EventsRepo" type="java.lang.NoClassDefFoundError">java.lang.NoClassDefFoundError: Could not initialize class com.log.event.logger.EventsRepo
	at com.log.event.logger.App.eventLogger(App.java:42)
	at com.log.event.logger.AppTest.testEventLogWithCorrectSequence(AppTest.java:49)
</error>
    <system-out>Please enter the log file path	:	
</system-out>
    <system-err>Nov 10, 2021 4:57:06 PM com.log.event.logger.service.FileReadingService scanFile
INFO: file path : logs\logWithCorrectOrder.txt
Nov 10, 2021 4:57:06 PM com.log.event.logger.service.FileReadingService scanFile
INFO: Scanning input file for events
Nov 10, 2021 4:57:06 PM com.log.event.logger.App eventLogger
INFO: [Event [id=gra, type=APPLICATION_LOG, host=12345, timeStamp=1491377495225, timeDifference=13, alert=true, state=FINISHED], Event [id=grc, type=null, host=null, timeStamp=1491377495218, timeDifference=8, alert=true, state=FINISHED], Event [id=grb, type=null, host=null, timeStamp=1491377495216, timeDifference=3, alert=false, state=FINISHED]]
</system-err>
  </testcase>
  <testcase classname="com.log.event.logger.AppTest" name="testEventLogWithMissingState" time="0.004"/>
  <testcase classname="com.log.event.logger.AppTest" name="testEventLogWithMissingTime" time="0.007"/>
</testsuite>